2021-10-03 11:03:34.100  INFO 19268 --- [restartedMain] c.p.myinvoices.MyInvoicesApplication     : Starting MyInvoicesApplication using Java 16.0.2 on rparyani-laptop with PID 19268 (D:\EclipseWorkspace1\MyInvoices\target\classes started by rparyani in D:\EclipseWorkspace1\MyInvoices)
2021-10-03 11:03:34.107  INFO 19268 --- [restartedMain] c.p.myinvoices.MyInvoicesApplication     : No active profile set, falling back to default profiles: default
2021-10-03 11:03:34.170  INFO 19268 --- [restartedMain] .e.DevToolsPropertyDefaultsPostProcessor : Devtools property defaults active! Set 'spring.devtools.add-properties' to 'false' to disable
2021-10-03 11:03:34.171  INFO 19268 --- [restartedMain] .e.DevToolsPropertyDefaultsPostProcessor : For additional web related logging consider setting the 'logging.level.web' property to 'DEBUG'
2021-10-03 11:03:35.394  INFO 19268 --- [restartedMain] .s.d.r.c.RepositoryConfigurationDelegate : Bootstrapping Spring Data JPA repositories in DEFAULT mode.
2021-10-03 11:03:35.421  INFO 19268 --- [restartedMain] .s.d.r.c.RepositoryConfigurationDelegate : Finished Spring Data repository scanning in 14 ms. Found 0 JPA repository interfaces.
2021-10-03 11:03:36.312  INFO 19268 --- [restartedMain] o.s.b.w.embedded.tomcat.TomcatWebServer  : Tomcat initialized with port(s): 8080 (http)
2021-10-03 11:03:36.328  INFO 19268 --- [restartedMain] o.apache.catalina.core.StandardService   : Starting service [Tomcat]
2021-10-03 11:03:36.329  INFO 19268 --- [restartedMain] org.apache.catalina.core.StandardEngine  : Starting Servlet engine: [Apache Tomcat/9.0.53]
2021-10-03 11:03:36.664  INFO 19268 --- [restartedMain] org.apache.jasper.servlet.TldScanner     : At least one JAR was scanned for TLDs yet contained no TLDs. Enable debug logging for this logger for a complete list of JARs that were scanned but no TLDs were found in them. Skipping unneeded JARs during scanning can improve startup time and JSP compilation time.
2021-10-03 11:03:36.674  INFO 19268 --- [restartedMain] o.a.c.c.C.[Tomcat].[localhost].[/]       : Initializing Spring embedded WebApplicationContext
2021-10-03 11:03:36.674  INFO 19268 --- [restartedMain] w.s.c.ServletWebServerApplicationContext : Root WebApplicationContext: initialization completed in 2502 ms
2021-10-03 11:03:36.856  INFO 19268 --- [restartedMain] o.hibernate.jpa.internal.util.LogHelper  : HHH000204: Processing PersistenceUnitInfo [name: default]
2021-10-03 11:03:36.951  INFO 19268 --- [restartedMain] org.hibernate.Version                    : HHH000412: Hibernate ORM core version 5.4.32.Final
2021-10-03 11:03:37.233  INFO 19268 --- [restartedMain] o.hibernate.annotations.common.Version   : HCANN000001: Hibernate Commons Annotations {5.1.2.Final}
2021-10-03 11:03:37.419  INFO 19268 --- [restartedMain] com.zaxxer.hikari.HikariDataSource       : HikariPool-1 - Starting...
2021-10-03 11:03:37.882  INFO 19268 --- [restartedMain] com.zaxxer.hikari.HikariDataSource       : HikariPool-1 - Start completed.
2021-10-03 11:03:37.904  INFO 19268 --- [restartedMain] org.hibernate.dialect.Dialect            : HHH000400: Using dialect: org.hibernate.dialect.MySQL5Dialect
2021-10-03 11:03:39.111  INFO 19268 --- [restartedMain] o.h.e.t.j.p.i.JtaPlatformInitiator       : HHH000490: Using JtaPlatform implementation: [org.hibernate.engine.transaction.jta.platform.internal.NoJtaPlatform]
2021-10-03 11:03:39.124  INFO 19268 --- [restartedMain] j.LocalContainerEntityManagerFactoryBean : Initialized JPA EntityManagerFactory for persistence unit 'default'
2021-10-03 11:03:39.300  WARN 19268 --- [restartedMain] JpaBaseConfiguration$JpaWebConfiguration : spring.jpa.open-in-view is enabled by default. Therefore, database queries may be performed during view rendering. Explicitly configure spring.jpa.open-in-view to disable this warning
2021-10-03 11:03:39.579  INFO 19268 --- [restartedMain] o.s.b.a.w.s.WelcomePageHandlerMapping    : Adding welcome page: ServletContext resource [/index.html]
2021-10-03 11:03:39.775  INFO 19268 --- [restartedMain] o.s.b.d.a.OptionalLiveReloadServer       : LiveReload server is running on port 35729
2021-10-03 11:03:39.850  INFO 19268 --- [restartedMain] o.s.b.w.embedded.tomcat.TomcatWebServer  : Tomcat started on port(s): 8080 (http) with context path ''
2021-10-03 11:03:39.865  INFO 19268 --- [restartedMain] c.p.myinvoices.MyInvoicesApplication     : Started MyInvoicesApplication in 6.368 seconds (JVM running for 7.498)
2021-10-03 11:03:47.032  INFO 19268 --- [http-nio-8080-exec-1] o.a.c.c.C.[Tomcat].[localhost].[/]       : Initializing Spring DispatcherServlet 'dispatcherServlet'
2021-10-03 11:03:47.033  INFO 19268 --- [http-nio-8080-exec-1] o.s.web.servlet.DispatcherServlet        : Initializing Servlet 'dispatcherServlet'
2021-10-03 11:03:47.034  INFO 19268 --- [http-nio-8080-exec-1] o.s.web.servlet.DispatcherServlet        : Completed initialization in 1 ms
2021-10-03 11:04:04.832  INFO 19268 --- [http-nio-8080-exec-3] c.p.m.controllers.CompanyController      : Calling list companies
2021-10-03 11:04:04.862  INFO 19268 --- [http-nio-8080-exec-3] c.p.myinvoices.daoimpl.CompanyDAOImpl    : Enter listCompanies()
2021-10-03 11:04:22.279  INFO 19268 --- [http-nio-8080-exec-2] c.p.m.controllers.CompanyController      : Calling list companies
2021-10-03 11:04:22.282  INFO 19268 --- [http-nio-8080-exec-2] c.p.myinvoices.daoimpl.CompanyDAOImpl    : Enter listCompanies()
2021-10-03 11:04:51.602  INFO 19268 --- [http-nio-8080-exec-1] c.p.m.daoimpl.SacNumbersDAOImpl          : Enter listSac()
2021-10-03 11:04:51.664  INFO 19268 --- [http-nio-8080-exec-7] c.p.m.daoimpl.SacNumbersDAOImpl          : Enter listSac()
2021-10-03 11:05:15.252  INFO 19268 --- [http-nio-8080-exec-5] c.p.m.daoimpl.SacNumbersDAOImpl          : Enter listSac()
2021-10-03 11:16:33.562  INFO 19268 --- [Thread-5] j.LocalContainerEntityManagerFactoryBean : Closing JPA EntityManagerFactory for persistence unit 'default'
2021-10-03 11:16:33.565  INFO 19268 --- [Thread-5] com.zaxxer.hikari.HikariDataSource       : HikariPool-1 - Shutdown initiated...
2021-10-03 11:16:33.570  INFO 19268 --- [Thread-5] com.zaxxer.hikari.HikariDataSource       : HikariPool-1 - Shutdown completed.
2021-10-03 11:16:33.644  INFO 19268 --- [restartedMain] c.p.myinvoices.MyInvoicesApplication     : Starting MyInvoicesApplication using Java 16.0.2 on rparyani-laptop with PID 19268 (D:\EclipseWorkspace1\MyInvoices\target\classes started by rparyani in D:\EclipseWorkspace1\MyInvoices)
2021-10-03 11:16:33.644  INFO 19268 --- [restartedMain] c.p.myinvoices.MyInvoicesApplication     : No active profile set, falling back to default profiles: default
2021-10-03 11:16:33.771  INFO 19268 --- [restartedMain] .s.d.r.c.RepositoryConfigurationDelegate : Bootstrapping Spring Data JPA repositories in DEFAULT mode.
2021-10-03 11:16:33.775  INFO 19268 --- [restartedMain] .s.d.r.c.RepositoryConfigurationDelegate : Finished Spring Data repository scanning in 3 ms. Found 0 JPA repository interfaces.
2021-10-03 11:16:33.852  INFO 19268 --- [restartedMain] o.s.b.w.embedded.tomcat.TomcatWebServer  : Tomcat initialized with port(s): 8080 (http)
2021-10-03 11:16:33.853  INFO 19268 --- [restartedMain] o.apache.catalina.core.StandardService   : Starting service [Tomcat]
2021-10-03 11:16:33.854  INFO 19268 --- [restartedMain] org.apache.catalina.core.StandardEngine  : Starting Servlet engine: [Apache Tomcat/9.0.53]
2021-10-03 11:16:33.903  INFO 19268 --- [restartedMain] org.apache.jasper.servlet.TldScanner     : At least one JAR was scanned for TLDs yet contained no TLDs. Enable debug logging for this logger for a complete list of JARs that were scanned but no TLDs were found in them. Skipping unneeded JARs during scanning can improve startup time and JSP compilation time.
2021-10-03 11:16:33.905  INFO 19268 --- [restartedMain] o.a.c.c.C.[Tomcat].[localhost].[/]       : Initializing Spring embedded WebApplicationContext
2021-10-03 11:16:33.905  INFO 19268 --- [restartedMain] w.s.c.ServletWebServerApplicationContext : Root WebApplicationContext: initialization completed in 259 ms
2021-10-03 11:16:33.929  INFO 19268 --- [restartedMain] o.hibernate.jpa.internal.util.LogHelper  : HHH000204: Processing PersistenceUnitInfo [name: default]
2021-10-03 11:16:33.932  INFO 19268 --- [restartedMain] com.zaxxer.hikari.HikariDataSource       : HikariPool-2 - Starting...
2021-10-03 11:16:33.951  INFO 19268 --- [restartedMain] com.zaxxer.hikari.HikariDataSource       : HikariPool-2 - Start completed.
2021-10-03 11:16:33.952  INFO 19268 --- [restartedMain] org.hibernate.dialect.Dialect            : HHH000400: Using dialect: org.hibernate.dialect.MySQL5Dialect
2021-10-03 11:16:34.085  INFO 19268 --- [restartedMain] o.h.e.t.j.p.i.JtaPlatformInitiator       : HHH000490: Using JtaPlatform implementation: [org.hibernate.engine.transaction.jta.platform.internal.NoJtaPlatform]
2021-10-03 11:16:34.085  INFO 19268 --- [restartedMain] j.LocalContainerEntityManagerFactoryBean : Initialized JPA EntityManagerFactory for persistence unit 'default'
2021-10-03 11:16:34.124  WARN 19268 --- [restartedMain] JpaBaseConfiguration$JpaWebConfiguration : spring.jpa.open-in-view is enabled by default. Therefore, database queries may be performed during view rendering. Explicitly configure spring.jpa.open-in-view to disable this warning
2021-10-03 11:16:34.157  INFO 19268 --- [restartedMain] o.s.b.a.w.s.WelcomePageHandlerMapping    : Adding welcome page: ServletContext resource [/index.html]
2021-10-03 11:16:34.190  INFO 19268 --- [restartedMain] o.s.b.d.a.OptionalLiveReloadServer       : LiveReload server is running on port 35729
2021-10-03 11:16:34.200  INFO 19268 --- [restartedMain] o.s.b.w.embedded.tomcat.TomcatWebServer  : Tomcat started on port(s): 8080 (http) with context path ''
2021-10-03 11:16:34.203  INFO 19268 --- [restartedMain] c.p.myinvoices.MyInvoicesApplication     : Started MyInvoicesApplication in 0.584 seconds (JVM running for 781.836)
2021-10-03 11:16:34.204  INFO 19268 --- [restartedMain] .ConditionEvaluationDeltaLoggingListener : Condition evaluation unchanged
2021-10-03 11:29:03.447  INFO 19268 --- [RMI TCP Connection(16)-127.0.0.1] inMXBeanRegistrar$SpringApplicationAdmin : Application shutdown requested.
2021-10-03 11:29:03.473  INFO 19268 --- [RMI TCP Connection(16)-127.0.0.1] j.LocalContainerEntityManagerFactoryBean : Closing JPA EntityManagerFactory for persistence unit 'default'
2021-10-03 11:29:03.474  INFO 19268 --- [RMI TCP Connection(16)-127.0.0.1] com.zaxxer.hikari.HikariDataSource       : HikariPool-2 - Shutdown initiated...
2021-10-03 11:29:03.477  INFO 19268 --- [RMI TCP Connection(16)-127.0.0.1] com.zaxxer.hikari.HikariDataSource       : HikariPool-2 - Shutdown completed.
